<?xml version="1.0" encoding="UTF-8"?>
<testsuite xmlns:xsi="http://www.w3.org/2001/XMLSchema-instance" xsi:noNamespaceSchemaLocation="https://maven.apache.org/surefire/maven-surefire-plugin/xsd/surefire-test-report-3.0.xsd" version="3.0" name="com.junitpushup.ExampleTest" time="0.192" tests="15" errors="0" skipped="0" failures="0">
  <properties>
[...]
</properties>
  <testcase name="testEsPrimo" classname="com.junitpushup.ExampleTest" time="0.049"/>
  <testcase name="testcalcularMediaVacia" classname="com.junitpushup.ExampleTest" time="0.009"/>
  <testcase name="testcontieneElemento" classname="com.junitpushup.ExampleTest" time="0.001"/>
  <testcase name="testSumar" classname="com.junitpushup.ExampleTest" time="0.005"/>
  <testcase name="testConvertirListaAString" classname="com.junitpushup.ExampleTest" time="0.0">
    <system-out><![CDATA[DAVID,SAMUEL,HAAHAH
]]></system-out>
  </testcase>
  <testcase name="testFactorial" classname="com.junitpushup.ExampleTest" time="0.008"/>
  <testcase name="testcalcularMediaNull" classname="com.junitpushup.ExampleTest" time="0.003"/>
  <testcase name="testCheckPositivoNumeroNegativo" classname="com.junitpushup.ExampleTest" time="0.006"/>
  <testcase name="testRevertirCadenaNegativo" classname="com.junitpushup.ExampleTest" time="0.0"/>
  <testcase name="testConvertirAString" classname="com.junitpushup.ExampleTest" time="0.006"/>
  <testcase name="testCheckPositivo" classname="com.junitpushup.ExampleTest" time="0.0"/>
  <testcase name="testRevertirCadena" classname="com.junitpushup.ExampleTest" time="0.003"/>
  <testcase name="testCalcularMedia" classname="com.junitpushup.ExampleTest" time="0.005"/>
  <testcase name="testcontarLetrasA" classname="com.junitpushup.ExampleTest" time="0.005"/>
  <testcase name="testFactorialNegativo" classname="com.junitpushup.ExampleTest" time="0.0"/>
</testsuite>